<?xml version="1.0" encoding="UTF-8"?>
<!-- Generated by org.testng.reporters.JUnitReportReporter -->
<testsuite hostname="Enass-MacBook-Pro-2.local" failures="0" tests="1" name="test.validateSubscription" time="116.291" errors="0" timestamp="2024-10-12T12:25:15 EET" skipped="0">
  <testcase classname="test.validateSubscription" name="validateSubscriptionDetails" time="116.291"/>
  <system-out/>
</testsuite> <!-- test.validateSubscription -->
